<?xml version="1.0" encoding="UTF-8"?>
<!-- Generated by org.testng.reporters.JUnitReportReporter -->
<testsuite skipped="0" hostname="WKWIN9107876" name="mywalgreens.SeleniumTest" tests="2" failures="0" timestamp="2021-08-07T11:46:44 IST" time="0.001" errors="0">
  <testcase name="BrowserTest2" time="0.000" classname="mywalgreens.SeleniumTest"/>
  <system-out/>
  <testcase name="BrowserTest" time="0.001" classname="mywalgreens.SeleniumTest"/>
  <system-out/>
</testsuite> <!-- mywalgreens.SeleniumTest -->
