<?xml version="1.0" encoding="UTF-8"?>
<!-- Generated by org.testng.reporters.JUnitReportReporter -->
<testsuite skipped="0" hostname="WKWIN9107876" name="mywalgreens.RestAPITest" tests="2" failures="0" timestamp="2021-08-07T11:46:44 IST" time="0.000" errors="0">
  <testcase name="PostTest" time="0.000" classname="mywalgreens.RestAPITest"/>
  <system-out/>
  <testcase name="PutTest" time="0.000" classname="mywalgreens.RestAPITest"/>
  <system-out/>
</testsuite> <!-- mywalgreens.RestAPITest -->
