<?xml version="1.0" encoding="UTF-8"?>
<!-- Generated by org.testng.reporters.JUnitReportReporter -->
<testsuite skipped="0" hostname="WKWIN9107876" name="mywalgreens.AppiumTest" tests="2" failures="0" timestamp="2021-08-07T11:46:44 IST" time="0.005" errors="0">
  <testcase name="iOSTest" time="0.000" classname="mywalgreens.AppiumTest"/>
  <system-out/>
  <testcase name="AndroidTest" time="0.005" classname="mywalgreens.AppiumTest"/>
  <system-out/>
</testsuite> <!-- mywalgreens.AppiumTest -->
